<?xml version="1.0" encoding="UTF-8"?>
<!-- Generated by org.testng.reporters.JUnitReportReporter -->
<testsuite hostname="DESKTOP-GN1IAVO" name="com.Fly365.testing.NewTest" tests="1" failures="0" timestamp="31 Jul 2019 22:11:18 GMT" time="45.929" errors="0">
  <testcase name="openMyBlog" time="45.929" classname="com.Fly365.testing.NewTest"/>
</testsuite> <!-- com.Fly365.testing.NewTest -->
