<?xml version="1.0" encoding="UTF-8"?>
<!-- Generated by org.testng.reporters.JUnitReportReporter -->
<testsuite hostname="DESKTOP-GN1IAVO" name="tests.NewTest" tests="1" failures="0" timestamp="27 Jul 2019 19:55:32 GMT" time="39.068" errors="0">
  <testcase name="openMyBlog" time="39.068" classname="tests.NewTest"/>
</testsuite> <!-- tests.NewTest -->
