<?xml version="1.0" encoding="UTF-8"?>
<!-- Generated by org.testng.reporters.JUnitReportReporter -->
<testsuite hostname="DESKTOP-GN1IAVO" name="com.Fly365.testing.RoundTripSearch" tests="2" failures="0" timestamp="31 Jul 2019 20:59:28 GMT" time="30.497" errors="0">
  <testcase name="roundSearch" time="13.675" classname="com.Fly365.testing.RoundTripSearch"/>
  <testcase name="roundSearch" time="16.822" classname="com.Fly365.testing.RoundTripSearch"/>
</testsuite> <!-- com.Fly365.testing.RoundTripSearch -->
