<?xml version="1.0" encoding="UTF-8"?>
<!-- Generated by org.testng.reporters.JUnitReportReporter -->
<testsuite hostname="DESKTOP-GN1IAVO" name="com.Fly365.testing.RoundTripSearch" tests="1" failures="0" timestamp="30 Jul 2019 22:32:04 GMT" time="10.859" errors="0">
  <testcase name="roundSearch" time="10.859" classname="com.Fly365.testing.RoundTripSearch"/>
</testsuite> <!-- com.Fly365.testing.RoundTripSearch -->
