<?xml version="1.0" encoding="UTF-8"?>
<!-- Generated by org.testng.reporters.JUnitReportReporter -->
<testsuite hostname="DESKTOP-GN1IAVO" name="com.Fly365.testing.ContactUsTest" tests="1" failures="0" timestamp="30 Jul 2019 23:24:11 GMT" time="0.238" errors="0">
  <testcase name="dsds" time="0.238" classname="com.Fly365.testing.ContactUsTest"/>
</testsuite> <!-- com.Fly365.testing.ContactUsTest -->
