<?xml version="1.0" encoding="UTF-8"?>
<!-- Generated by org.testng.reporters.JUnitReportReporter -->
<testsuite skipped="0" hostname="KhaledAbdelaziz" name="com.Fly365.testing.ContactUsTest" tests="1" failures="0" timestamp="01 Aug 2019 12:52:24 GMT" time="9.058" errors="0">
  <testcase name="sendMessage" time="9.058" classname="com.Fly365.testing.ContactUsTest"/>
</testsuite> <!-- com.Fly365.testing.ContactUsTest -->
