<?xml version="1.0" encoding="UTF-8"?>
<!-- Generated by org.testng.reporters.JUnitReportReporter -->
<testsuite skipped="0" hostname="KhaledAbdelaziz" name="com.Fly365.testing.SignUp" tests="1" failures="0" timestamp="01 Aug 2019 13:21:09 GMT" time="8.845" errors="0">
  <testcase name="sendMessage" time="8.845" classname="com.Fly365.testing.SignUp"/>
</testsuite> <!-- com.Fly365.testing.SignUp -->
