<?xml version="1.0" encoding="UTF-8"?>
<!-- Generated by org.testng.reporters.JUnitReportReporter -->
<testsuite skipped="0" hostname="KhaledAbdelaziz" name="com.Fly365.testing.SignUp" tests="1" failures="0" timestamp="31 Jul 2019 09:48:51 GMT" time="8.246" errors="0">
  <testcase name="sendMrssage" time="8.246" classname="com.Fly365.testing.SignUp"/>
</testsuite> <!-- com.Fly365.testing.SignUp -->
