<?xml version="1.0" encoding="UTF-8"?>
<!-- Generated by org.testng.reporters.JUnitReportReporter -->
<testsuite skipped="0" hostname="KhaledAbdelaziz" name="com.Fly365.testing.RoundTripSearch" tests="2" failures="0" timestamp="01 Aug 2019 13:07:37 GMT" time="113.484" errors="0">
  <testcase name="roundSearch" time="73.252" classname="com.Fly365.testing.RoundTripSearch"/>
  <testcase name="roundSearch" time="40.232" classname="com.Fly365.testing.RoundTripSearch"/>
</testsuite> <!-- com.Fly365.testing.RoundTripSearch -->
