<?xml version="1.0" encoding="UTF-8"?>
<!-- Generated by org.testng.reporters.JUnitReportReporter -->
<testsuite hostname="DESKTOP-GN1IAVO" name="com.Fly365.testing.SignUp" tests="1" failures="0" timestamp="31 Jul 2019 20:59:28 GMT" time="6.220" errors="0">
  <testcase name="sendMessage" time="6.220" classname="com.Fly365.testing.SignUp"/>
</testsuite> <!-- com.Fly365.testing.SignUp -->
