<?xml version="1.0" encoding="UTF-8"?>
<!-- Generated by org.testng.reporters.JUnitReportReporter -->
<testsuite skipped="0" hostname="DESKTOP-GN1IAVO" name="tests.NewTest" tests="1" failures="0" timestamp="27 Jul 2019 21:04:52 GMT" time="23.177" errors="0">
  <testcase name="openMyBlog" time="23.177" classname="tests.NewTest"/>
</testsuite> <!-- tests.NewTest -->
